ğŸš€ Starting Learning Experience App Test Suite
Backend URL: http://localhost:8000
Frontend URL: http://localhost:3000

ğŸ§ª Starting comprehensive test suite...

ğŸ“¡ Testing Backend API...

âœ… Testing Valid Learning Topics...

âŒ Testing Invalid Learning Topics (should fail)...

ğŸ” Testing Edge Cases...

ğŸ”¬ Testing Expand Step Functionality...

ğŸ¨ Testing Frontend UI...

âš¡ Testing Performance...

================================================================================
ğŸ“Š COMPREHENSIVE TEST REPORT
================================================================================

ğŸ“ˆ SUMMARY
  Total Tests: 40
  âœ… Passed: 24
  âŒ Failed: 16
  ğŸ“Š Pass Rate: 60.0%

ğŸ“‚ BY CATEGORY
  âš ï¸ BACKEND: 12/13 passed (92.3%)
  âš ï¸ LEARNING_FLOW: 8/19 passed (42.1%)
  âš ï¸ EXPAND_STEP: 2/3 passed (66.7%)
  âš ï¸ FRONTEND: 0/2 passed (0.0%)
  âš ï¸ PERFORMANCE: 2/3 passed (66.7%)

ğŸ“‹ DETAILED RESULTS
--------------------------------------------------------------------------------

âŒ FAILED TESTS (16):
  âŒ Valid topic: 3 steps requested (learning_flow)
     Details: Failed to create plan. Status: 400
  âŒ Valid topic: 10 resources requested (learning_flow)
     Details: Failed to create plan. Status: 400
  âŒ Valid topic: Both specified (learning_flow)
     Details: Failed to create plan. Status: 400
  âŒ Invalid topic rejected: Copyrighted content (backend)
     Details: Status: 200
  âŒ Edge case: Very long topic (learning_flow)
     Details: Failed to create plan. Status: 400
  âŒ Edge case: Unreasonable resource count (learning_flow)
     Details: Failed to create plan. Status: 400
  âŒ Edge case: Unreasonable step count (learning_flow)
     Details: Failed to create plan. Status: 400
  âŒ Edge case: Too few steps (learning_flow)
     Details: Failed to create plan. Status: 400
  âŒ Edge case: Unicode characters (learning_flow)
     Details: Failed to create plan. Status: 400
  âŒ Edge case: SQL injection attempt (learning_flow)
     Details: Failed to create plan. Status: 400
  âŒ Edge case: XSS attempt (learning_flow)
     Details: Failed to create plan. Status: 400
  âŒ Edge case: Very short valid (learning_flow)
     Details: Failed to create plan. Status: 400
  âŒ Expand with invalid step (expand_step)
     Details: Step index 999 out of range (plan has 7 steps)
  âŒ Frontend loads (frontend)
     Details: Missing UI elements: ['Start Learning button', 'Input field']
  âŒ Frontend has learning interface (frontend)
     Details: Missing UI elements: ['Start Learning button', 'Input field']
  âŒ Complex topic (performance)
     Details: Exception: 

âœ… PASSED TESTS (24):
  âœ… Root endpoint accessible (backend)
  âœ… API key configured check (backend)
  âœ… Valid topic: Python programming (learning_flow)
  âœ… Valid topic: Machine Learning (learning_flow)
  âœ… Valid topic: Web Development (learning_flow)
  âœ… Valid topic: Cooking Italian food (learning_flow)
  âœ… Valid topic: Spanish language (learning_flow)
  âœ… Valid topic: Photography basics (learning_flow)
  âœ… Invalid topic rejected: Gibberish (backend)
  âœ… Invalid topic rejected: Abstract concept (backend)
  âœ… Invalid topic rejected: Random chars (backend)
  âœ… Invalid topic rejected: Just numbers (backend)
  âœ… Invalid topic rejected: Too vague (backend)
  âœ… Invalid topic rejected: Empty string (backend)
  âœ… Invalid topic rejected: Single character (backend)
  âœ… Invalid topic rejected: Only special chars (backend)
  âœ… Invalid topic rejected: GIF request (backend)
  âœ… Invalid topic rejected: Specific person (backend)
  âœ… Edge case: Special characters in topic (learning_flow)
  âœ… Edge case: Numbers in valid topic (learning_flow)
  ... and 4 more passed tests

ğŸ’¾ Reports saved:
  - test_report_learning_app.json
  - TEST_REPORT_LEARNING_APP.md

================================================================================
